<?xml version="1.0" encoding="UTF-8"?>
<!-- Generated by org.testng.reporters.JUnitReportReporter -->
<testsuite hostname="DESKTOP-49OJ2E2" failures="0" tests="4" name="acti.tests.LoginPageTests" time="13.154" errors="0" timestamp="26 Jul 2022 18:30:47 GMT" skipped="0">
  <testcase classname="acti.tests.LoginPageTests" name="testLoginPageTitle" time="2.288"/>
  <testcase classname="acti.tests.LoginPageTests" name="testforgotPasswordLink" time="3.240"/>
  <testcase classname="acti.tests.LoginPageTests" name="testActilogoisDisplayed" time="2.705"/>
  <testcase classname="acti.tests.LoginPageTests" name="testLoginFunction" time="4.921"/>
</testsuite> <!-- acti.tests.LoginPageTests -->
