<?xml version="1.0" encoding="UTF-8"?>
<!-- Generated by org.testng.reporters.JUnitReportReporter -->
<testsuite hostname="DESKTOP-49OJ2E2" failures="0" tests="1" name="acti.driver.DriverManager" time="5.885" errors="0" timestamp="26 Jul 2022 12:13:35 GMT" skipped="0">
  <testcase classname="acti.driver.DriverManager" name="init_driver" time="5.885"/>
</testsuite> <!-- acti.driver.DriverManager -->
